-------------------------------------------------------------------------------
Test set: com.coresolutins.training.dao.CalculatorDaoImplTest
-------------------------------------------------------------------------------
Tests run: 1, Failures: 0, Errors: 1, Skipped: 0, Time elapsed: 0.114 sec <<< FAILURE!
com.coresolutins.training.dao.CalculatorDaoImplTest  Time elapsed: 0.274 sec  <<< ERROR!
org.dbunit.dataset.DataSetException: java.net.MalformedURLException
	at org.dbunit.dataset.xml.FlatXmlProducer.produce(FlatXmlProducer.java:378)
	at org.dbunit.dataset.CachedDataSet.<init>(CachedDataSet.java:97)
	at org.dbunit.dataset.xml.FlatXmlDataSet.<init>(FlatXmlDataSet.java:110)
	at org.dbunit.dataset.xml.FlatXmlDataSetBuilder.buildInternal(FlatXmlDataSetBuilder.java:264)
	at org.dbunit.dataset.xml.FlatXmlDataSetBuilder.build(FlatXmlDataSetBuilder.java:147)
	at com.coresolutins.training.dao.CalculatorDaoImplTest.getXMLDataSet(CalculatorDaoImplTest.java:43)
	at com.coresolutins.training.dao.CalculatorDaoImplTest.setUpBeforeClass(CalculatorDaoImplTest.java:36)
	at sun.reflect.NativeMethodAccessorImpl.invoke0(Native Method)
	at sun.reflect.NativeMethodAccessorImpl.invoke(NativeMethodAccessorImpl.java:39)
	at sun.reflect.DelegatingMethodAccessorImpl.invoke(DelegatingMethodAccessorImpl.java:25)
	at java.lang.reflect.Method.invoke(Method.java:597)
	at org.junit.runners.model.FrameworkMethod$1.runReflectiveCall(FrameworkMethod.java:45)
	at org.junit.internal.runners.model.ReflectiveCallable.run(ReflectiveCallable.java:15)
	at org.junit.runners.model.FrameworkMethod.invokeExplosively(FrameworkMethod.java:42)
	at org.junit.internal.runners.statements.RunBefores.evaluate(RunBefores.java:27)
	at org.junit.internal.runners.statements.RunAfters.evaluate(RunAfters.java:30)
	at org.junit.runners.ParentRunner.run(ParentRunner.java:300)
	at org.apache.maven.surefire.junit4.JUnit4TestSet.execute(JUnit4TestSet.java:62)
	at org.apache.maven.surefire.suite.AbstractDirectoryTestSuite.executeTestSet(AbstractDirectoryTestSuite.java:140)
	at org.apache.maven.surefire.suite.AbstractDirectoryTestSuite.execute(AbstractDirectoryTestSuite.java:127)
	at org.apache.maven.surefire.Surefire.run(Surefire.java:177)
	at sun.reflect.NativeMethodAccessorImpl.invoke0(Native Method)
	at sun.reflect.NativeMethodAccessorImpl.invoke(NativeMethodAccessorImpl.java:39)
	at sun.reflect.DelegatingMethodAccessorImpl.invoke(DelegatingMethodAccessorImpl.java:25)
	at java.lang.reflect.Method.invoke(Method.java:597)
	at org.apache.maven.surefire.booter.SurefireBooter.runSuitesInProcess(SurefireBooter.java:345)
	at org.apache.maven.surefire.booter.SurefireBooter.main(SurefireBooter.java:1009)
Caused by: java.net.MalformedURLException
	at java.net.URL.<init>(URL.java:601)
	at java.net.URL.<init>(URL.java:464)
	at java.net.URL.<init>(URL.java:413)
	at com.sun.org.apache.xerces.internal.impl.XMLEntityManager.setupCurrentEntity(XMLEntityManager.java:650)
	at com.sun.org.apache.xerces.internal.impl.XMLVersionDetector.determineDocVersion(XMLVersionDetector.java:186)
	at com.sun.org.apache.xerces.internal.parsers.XML11Configuration.parse(XML11Configuration.java:772)
	at com.sun.org.apache.xerces.internal.parsers.XML11Configuration.parse(XML11Configuration.java:737)
	at com.sun.org.apache.xerces.internal.parsers.XMLParser.parse(XMLParser.java:119)
	at com.sun.org.apache.xerces.internal.parsers.AbstractSAXParser.parse(AbstractSAXParser.java:1205)
	at com.sun.org.apache.xerces.internal.jaxp.SAXParserImpl$JAXPSAXParser.parse(SAXParserImpl.java:522)
	at org.dbunit.dataset.xml.FlatXmlProducer.produce(FlatXmlProducer.java:365)
	... 26 more

